********************************************************************************
product = Open Liberty 23.0.0.8 (wlp-1.0.80.cl230820230807-0401)
wlp.install.dir = /home/avbravo/NetBeansProjects/j/jmoordbcorebook/jmoordb-corebookexamples/edicion/capitulo25/target/liberty/wlp/
java.home = /usr/local/graalvm-community-openjdk-17.0.8+7.1
java.version = 17.0.8
java.runtime = OpenJDK Runtime Environment (17.0.8+7-jvmci-23.0-b15)
os = Linux (6.2.0-31-generic; amd64) (es_PA)
process = 13173@avbravo-IdeaPad-Gaming-3-15ARH7
Classpath = /home/avbravo/NetBeansProjects/j/jmoordbcorebook/jmoordb-corebookexamples/edicion/capitulo25/target/liberty/wlp/bin/tools/ws-server.jar
Java Library path = :/usr/java/packages/lib:/usr/lib64:/lib64:/lib:/usr/lib
********************************************************************************
[08/30/23 20:51:50:851 EST] 00000001 com.ibm.ws.kernel.launch.internal.FrameworkManager           A CWWKE0001I: El servidor capitulo17 se ha lanzado.
[08/30/23 20:51:51:273 EST] 00000001 com.ibm.ws.kernel.launch.internal.FrameworkManager           I CWWKE0002I: El kernel se ha iniciado después de 0.537 segundos
[08/30/23 20:51:51:293 EST] 00000028 com.ibm.ws.kernel.feature.internal.FeatureManager            I CWWKF0007I: La actualización de características se ha iniciado.
[08/30/23 20:51:51:865 EST] 0000001b com.ibm.ws.security.ready.internal.SecurityReadyServiceImpl  I CWWKS0007I: El servicio de seguridad se está iniciando...
[08/30/23 20:51:51:949 EST] 0000001f com.ibm.ws.app.manager.internal.monitor.DropinMonitor        A CWWKZ0058I: Supervisando aplicaciones de dropins.
[08/30/23 20:51:52:072 EST] 0000001e rty.security.mp.jwt.v12.config.impl.MpConfigProxyServiceImpl I CWWKS5780I: mpConfigProxy de MicroProfile JWT versión 1.2 se ha procesado correctamente.
[08/30/23 20:51:52:086 EST] 0000001f com.ibm.ws.cache.ServerCache                                 I DYNA1001I: La instancia de memoria caché dinámica de WebSphere con nombre baseCache se ha inicializado correctamente.
[08/30/23 20:51:52:088 EST] 0000001f com.ibm.ws.cache.ServerCache                                 I DYNA1071I: Se está utilizando el proveedor de memoria caché default.
[08/30/23 20:51:52:089 EST] 0000001f com.ibm.ws.cache.CacheServiceImpl                            I DYNA1056I: La memoria caché dinámica (memoria caché de objeto) se ha inicializado correctamente.
[08/30/23 20:51:52:193 EST] 00000024 com.ibm.ws.ssl.config.WSKeyStore                             I CWPKI0802I: Creando el certificado SSL. Esto puede tardar unos segundos.
[08/30/23 20:51:52:205 EST] 00000032 com.ibm.ws.security.token.ltpa.LTPAKeyInfoManager            I CWWKS4103I: Creando las claves LTPA. Esto puede tardar unos segundos.
[08/30/23 20:51:52:216 EST] 0000001b ibm.ws.security.authentication.internal.jaas.JAASServiceImpl I CWWKS1123I: Se ha activado el plugin de autenticación colectivo con el nombre de clase NullCollectiveAuthenticationPlugin. 
[08/30/23 20:51:52:307 EST] 0000001b com.ibm.ws.security.jwt.internal.ConsumerImpl                I CWWKS6012I: El servicio de consumidor JWT (JSON Web Token) está disponible.
[08/30/23 20:51:52:321 EST] 0000001b com.ibm.ws.security.jwt.web.JwtEndpointServices              I CWWKS6002I: El servicio de punto final de señal web de JSON (JWT) está disponible.
[08/30/23 20:51:52:359 EST] 0000001b com.ibm.ws.security.jaspi.AuthConfigFactoryWrapper           I CWWKS1655I: Se está utilizando la clase AuthConfigFactory com.ibm.ws.security.jaspi.ProviderRegistry de JASPIC (Java Authentication SPI for Containers) predeterminada porque la propiedad de seguridad Java authconfigprovider.factory no está establecida. 
[08/30/23 20:51:52:402 EST] 00000032 com.ibm.ws.security.token.ltpa.LTPAKeyInfoManager            A CWWKS4104A: Las claves LTPA se han creado en 0.197 segundos. Archivo de claves LTPA: /home/avbravo/NetBeansProjects/j/jmoordbcorebook/jmoordb-corebookexamples/edicion/capitulo25/target/liberty/wlp/usr/servers/capitulo17/resources/security/ltpa.keys
[08/30/23 20:51:52:406 EST] 00000032 com.ibm.ws.security.token.ltpa.internal.LTPAKeyCreateTask    I CWWKS4105I: La configuración de LTPA estará lista después de 0.202 segundos.
[08/30/23 20:51:52:490 EST] 0000001b com.ibm.ws.session.WASSessionCore                            I SESN8501I: El gestor de sesiones no ha encontrado una ubicación de almacenamiento persistente; los objetos HttpSession se almacenarán en la memoria del servidor de aplicaciones local.
[08/30/23 20:51:52:566 EST] 0000001b .microprofile.metrics.internal.monitor.MonitorMetricsHandler I CWPMI2003I: No se pueden recuperar métricas de supervisión mediante mpMetrics.
[08/30/23 20:51:52:591 EST] 00000024 com.ibm.ws.ssl.config.WSKeyStore                             A CWPKI0803A: El certificado SSL se ha creado en 0.398 segundos. Archivo de claves SSL: /home/avbravo/NetBeansProjects/j/jmoordbcorebook/jmoordb-corebookexamples/edicion/capitulo25/target/liberty/wlp/usr/servers/capitulo17/resources/security/public.jks
[08/30/23 20:51:52:591 EST] 00000024 com.ibm.ws.ssl.config.WSKeyStore                             I Successfully loaded default keystore: /home/avbravo/NetBeansProjects/j/jmoordbcorebook/jmoordb-corebookexamples/edicion/capitulo25/target/liberty/wlp/usr/servers/capitulo17/resources/security/public.jks of type: JKS
[08/30/23 20:51:52:599 EST] 00000024 com.ibm.ws.security.mp.jwt.impl.MicroProfileJwtServiceImpl   I CWWKS5500I: La configuración de MicroProfile JWT [MicroProfileJwtService] se ha procesado correctamente.
[08/30/23 20:51:52:600 EST] 00000024 com.ibm.ws.security.mp.jwt.impl.MicroProfileJwtConfigImpl    I CWWKS5500I: La configuración de MicroProfile JWT [jwtUserConsumer] se ha procesado correctamente.
[08/30/23 20:51:52:600 EST] 00000024 com.ibm.ws.security.mp.jwt.impl.MicroProfileJwtConfigImpl    I CWWKS5500I: La configuración de MicroProfile JWT [defaultMpJwt] se ha procesado correctamente.
[08/30/23 20:51:52:679 EST] 00000043 com.ibm.ws.app.manager.AppMessageHelper                      I CWWKZ0018I: Iniciando la aplicación capitulo17.
[08/30/23 20:51:52:680 EST] 00000043 bm.ws.app.manager.war.internal.WARDeployedAppInfoFactoryImpl I CWWKZ0134I: La aplicación capitulo17 está utilizando la definición de aplicación dinámica en la ubicación /home/avbravo/NetBeansProjects/j/jmoordbcorebook/jmoordb-corebookexamples/edicion/capitulo25/target/liberty/wlp/usr/servers/capitulo17/apps/capitulo17.war.xml.
[08/30/23 20:51:52:804 EST] 00000041 com.ibm.ws.webcontainer.osgi.webapp.WebGroup                 I SRVE0169I: Cargando módulo web: ibm/api.
[08/30/23 20:51:52:804 EST] 0000003d com.ibm.ws.webcontainer.osgi.webapp.WebGroup                 I SRVE0169I: Cargando módulo web: health.
[08/30/23 20:51:52:804 EST] 0000003e com.ibm.ws.webcontainer.osgi.webapp.WebGroup                 I SRVE0169I: Cargando módulo web: io.openliberty.security.jwt.internal.
[08/30/23 20:51:52:804 EST] 00000042 com.ibm.ws.webcontainer.osgi.webapp.WebGroup                 I SRVE0169I: Cargando módulo web: PublicMicroProfileMetrics.
[08/30/23 20:51:52:804 EST] 0000003f com.ibm.ws.webcontainer.osgi.webapp.WebGroup                 I SRVE0169I: Cargando módulo web: MicroProfileOpenAPI.
[08/30/23 20:51:52:804 EST] 00000040 com.ibm.ws.webcontainer.osgi.webapp.WebGroup                 I SRVE0169I: Cargando módulo web: OpenAPIUI.
[08/30/23 20:51:52:807 EST] 00000042 com.ibm.ws.webcontainer                                      I SRVE0250I: El módulo web PublicMicroProfileMetrics se ha enlazado con default_host.
[08/30/23 20:51:52:807 EST] 0000003e com.ibm.ws.webcontainer                                      I SRVE0250I: El módulo web io.openliberty.security.jwt.internal se ha enlazado con default_host.
[08/30/23 20:51:52:807 EST] 00000041 com.ibm.ws.webcontainer                                      I SRVE0250I: El módulo web ibm/api se ha enlazado con default_host.
[08/30/23 20:51:52:807 EST] 0000003d com.ibm.ws.webcontainer                                      I SRVE0250I: El módulo web health se ha enlazado con default_host.
[08/30/23 20:51:52:807 EST] 0000003f com.ibm.ws.webcontainer                                      I SRVE0250I: El módulo web MicroProfileOpenAPI se ha enlazado con default_host.
[08/30/23 20:51:52:807 EST] 00000040 com.ibm.ws.webcontainer                                      I SRVE0250I: El módulo web OpenAPIUI se ha enlazado con default_host.
[08/30/23 20:51:52:808 EST] 00000042 com.ibm.ws.http.internal.VirtualHostImpl                     A CWWKT0016I: Aplicación web disponible (default_host): http://localhost:9080/metrics/
[08/30/23 20:51:52:811 EST] 00000040 com.ibm.ws.http.internal.VirtualHostImpl                     A CWWKT0016I: Aplicación web disponible (default_host): http://localhost:9080/openapi/ui/
[08/30/23 20:51:52:811 EST] 0000003f com.ibm.ws.http.internal.VirtualHostImpl                     A CWWKT0016I: Aplicación web disponible (default_host): http://localhost:9080/openapi/
[08/30/23 20:51:52:811 EST] 0000003d com.ibm.ws.http.internal.VirtualHostImpl                     A CWWKT0016I: Aplicación web disponible (default_host): http://localhost:9080/health/
[08/30/23 20:51:52:812 EST] 00000041 com.ibm.ws.http.internal.VirtualHostImpl                     A CWWKT0016I: Aplicación web disponible (default_host): http://localhost:9080/ibm/api/
[08/30/23 20:51:52:812 EST] 0000003e com.ibm.ws.http.internal.VirtualHostImpl                     A CWWKT0016I: Aplicación web disponible (default_host): http://localhost:9080/jwt/
[08/30/23 20:51:52:838 EST] 0000004a com.ibm.ws.session.WASSessionCore                            I SESN0176I: Se creará un nuevo contexto de sesión para la clave de aplicación default_host/openapi/ui
[08/30/23 20:51:52:838 EST] 00000049 com.ibm.ws.session.WASSessionCore                            I SESN0176I: Se creará un nuevo contexto de sesión para la clave de aplicación default_host/openapi
[08/30/23 20:51:52:838 EST] 0000004b com.ibm.ws.session.WASSessionCore                            I SESN0176I: Se creará un nuevo contexto de sesión para la clave de aplicación default_host/health
[08/30/23 20:51:52:838 EST] 00000048 com.ibm.ws.session.WASSessionCore                            I SESN0176I: Se creará un nuevo contexto de sesión para la clave de aplicación default_host/metrics
[08/30/23 20:51:52:838 EST] 0000002a com.ibm.ws.session.WASSessionCore                            I SESN0176I: Se creará un nuevo contexto de sesión para la clave de aplicación default_host/jwt
[08/30/23 20:51:52:838 EST] 0000002b com.ibm.ws.session.WASSessionCore                            I SESN0176I: Se creará un nuevo contexto de sesión para la clave de aplicación default_host/ibm/api
[08/30/23 20:51:52:864 EST] 0000004a com.ibm.ws.util                                              I SESN0172I: El gestor de sesiones está utilizando la implementación de SecureRandom Java por omisión para la generación del ID de sesión.
[08/30/23 20:51:52:869 EST] 0000002b com.ibm.ws.util                                              I SESN0172I: El gestor de sesiones está utilizando la implementación de SecureRandom Java por omisión para la generación del ID de sesión.
[08/30/23 20:51:52:870 EST] 0000002a com.ibm.ws.util                                              I SESN0172I: El gestor de sesiones está utilizando la implementación de SecureRandom Java por omisión para la generación del ID de sesión.
[08/30/23 20:51:52:874 EST] 0000004b com.ibm.ws.util                                              I SESN0172I: El gestor de sesiones está utilizando la implementación de SecureRandom Java por omisión para la generación del ID de sesión.
[08/30/23 20:51:52:874 EST] 00000048 com.ibm.ws.util                                              I SESN0172I: El gestor de sesiones está utilizando la implementación de SecureRandom Java por omisión para la generación del ID de sesión.
[08/30/23 20:51:52:875 EST] 00000049 com.ibm.ws.util                                              I SESN0172I: El gestor de sesiones está utilizando la implementación de SecureRandom Java por omisión para la generación del ID de sesión.
[08/30/23 20:51:52:882 EST] 0000004a com.ibm.ws.cache.CacheServiceImpl                            I DYNA1056I: La memoria caché dinámica (memoria caché de objeto) se ha inicializado correctamente.
[08/30/23 20:51:52:949 EST] 0000004b com.ibm.ws.webcontainer.servlet                              I SRVE0242I: [io.openliberty.microprofile.health.3.1.internal.jakarta] [/health] [HealthCheckReadinessServlet]: Inicialización satisfactoria.
[08/30/23 20:51:52:950 EST] 00000049 com.ibm.ws.webcontainer.servlet                              I SRVE0242I: [io.openliberty.microprofile.openapi.2.0.internal.servlet.jakarta] [/openapi] [ApplicationServlet]: Inicialización satisfactoria.
[08/30/23 20:51:52:950 EST] 0000004b com.ibm.ws.webcontainer.servlet                              I SRVE0242I: [io.openliberty.microprofile.health.3.1.internal.jakarta] [/health] [HealthCheckServlet]: Inicialización satisfactoria.
[08/30/23 20:51:52:952 EST] 00000048 com.ibm.ws.webcontainer.servlet                              I SRVE0242I: [io.openliberty.microprofile.metrics.internal.public] [/metrics] [PublicMetricsRESTProxyServlet]: Inicialización satisfactoria.
[08/30/23 20:51:52:952 EST] 0000004b com.ibm.ws.webcontainer.servlet                              I SRVE0242I: [io.openliberty.microprofile.health.3.1.internal.jakarta] [/health] [HealthCheckStartupServlet]: Inicialización satisfactoria.
[08/30/23 20:51:52:952 EST] 0000004b com.ibm.ws.webcontainer.servlet                              I SRVE0242I: [io.openliberty.microprofile.health.3.1.internal.jakarta] [/health] [HealthCheckLivenessServlet]: Inicialización satisfactoria.
[08/30/23 20:51:52:978 EST] 0000002c com.ibm.ws.webcontainer.osgi.mbeans.PluginGenerator          I SRVE9103I: Se ha generado automáticamente un archivo de configuración para un plug-in de servidor web para este servidor en /home/avbravo/NetBeansProjects/j/jmoordbcorebook/jmoordb-corebookexamples/edicion/capitulo25/target/liberty/wlp/usr/servers/capitulo17/logs/state/plugin-cfg.xml.
[08/30/23 20:51:54:650 EST] 00000043 liberty.microprofile.openapi20.internal.ApplicationProcessor I CWWKO1660I: La aplicación capitulo17 se ha procesado y se ha producido un documento OpenAPI.
[08/30/23 20:51:54:664 EST] 00000043 org.jboss.weld.Version                                       I WELD-000900: 4.0.3 (Final)
[08/30/23 20:51:56:028 EST] 00000043 com.ibm.ws.webcontainer.osgi.webapp.WebGroup                 I SRVE0169I: Cargando módulo web: capitulo17.
[08/30/23 20:51:56:028 EST] 00000043 com.ibm.ws.webcontainer                                      I SRVE0250I: El módulo web capitulo17 se ha enlazado con default_host.
[08/30/23 20:51:56:028 EST] 00000043 com.ibm.ws.http.internal.VirtualHostImpl                     A CWWKT0016I: Aplicación web disponible (default_host): http://localhost:9080/
[08/30/23 20:51:56:029 EST] 00000031 com.ibm.ws.session.WASSessionCore                            I SESN0176I: Se creará un nuevo contexto de sesión para la clave de aplicación default_host/
[08/30/23 20:51:56:030 EST] 00000031 com.ibm.ws.util                                              I SESN0172I: El gestor de sesiones está utilizando la implementación de SecureRandom Java por omisión para la generación del ID de sesión.
[08/30/23 20:51:56:045 EST] 0000003d com.ibm.ws.webcontainer.osgi.mbeans.PluginGenerator          I SRVE9103I: Se ha generado automáticamente un archivo de configuración para un plug-in de servidor web para este servidor en /home/avbravo/NetBeansProjects/j/jmoordbcorebook/jmoordb-corebookexamples/edicion/capitulo25/target/liberty/wlp/usr/servers/capitulo17/logs/state/plugin-cfg.xml.
[08/30/23 20:51:56:047 EST] 00000031 com.ibm.ws.app.manager.AppMessageHelper                      A CWWKZ0001I: La aplicación capitulo17 se ha iniciado en 3.367 segundos.
[08/30/23 20:51:56:058 EST] 00000028 com.ibm.ws.tcpchannel.internal.TCPPort                       I CWWKO0219I: El canal TCP defaultHttpEndpoint se ha iniciado y ahora está a la escucha de solicitudes en el host localhost  (IPv4: 127.0.0.1) puerto 9080.
[08/30/23 20:51:56:059 EST] 00000028 com.ibm.ws.tcpchannel.internal.TCPPort                       I CWWKO0219I: El canal TCP defaultHttpEndpoint-ssl se ha iniciado y ahora está a la escucha de solicitudes en el host localhost  (IPv4: 127.0.0.1) puerto 9443.
[08/30/23 20:51:56:068 EST] 00000028 com.ibm.ws.kernel.feature.internal.FeatureManager            A CWWKF0012I: El servidor ha instalado las características siguientes: [appSecurity-4.0, cdi-3.0, concurrent-2.0, distributedMap-1.0, expressionLanguage-4.0, jndi-1.0, json-1.0, jsonb-2.0, jsonp-2.0, jwt-1.0, microProfile-5.0, monitor-1.0, mpConfig-3.0, mpFaultTolerance-4.0, mpHealth-4.0, mpJwt-2.0, mpMetrics-4.0, mpOpenAPI-3.0, mpOpenTracing-3.0, mpRestClient-3.0, restfulWS-3.0, restfulWSClient-3.0, servlet-5.0, ssl-1.0, transportSecurity-1.0].
[08/30/23 20:51:56:068 EST] 00000028 com.ibm.ws.kernel.feature.internal.FeatureManager            I CWWKF0008I: La actualización de características se ha completado en 4.796 segundos.
[08/30/23 20:51:56:068 EST] 00000028 com.ibm.ws.kernel.feature.internal.FeatureManager            A CWWKF0011I: El servidor capitulo17 está preparado para ejecutar un planeta más inteligente. El servidor capitulo17 se ha iniciado en 5.333 segundos.
[08/30/23 20:51:56:166 EST] 00000031 org.jboss.resteasy.resteasy_jaxrs.i18n                       I RESTEASY002225: Deploying jakarta.ws.rs.core.Application: class com.jmoordbcore.capitulo17.Capitulo17RestApplication$Proxy$_$$_WeldClientProxy
[08/30/23 20:51:56:190 EST] 00000031 com.ibm.ws.webcontainer.servlet                              I SRVE0242I: [capitulo17] [/] [com.jmoordbcore.capitulo17.Capitulo17RestApplication]: Inicialización satisfactoria.
[08/30/23 20:51:58:249 EST] 0000003e com.ibm.ws.http.internal.VirtualHostImpl                     A CWWKT0017I: Aplicación web eliminada (default_host): http://localhost:9080/
[08/30/23 20:51:58:250 EST] 0000003e com.ibm.ws.webcontainer.servlet                              I SRVE0253I: [capitulo17] [/] [com.jmoordbcore.capitulo17.Capitulo17RestApplication]: Destrucción satisfactoria.
[08/30/23 20:51:58:259 EST] 0000003e com.ibm.ws.app.manager.AppMessageHelper                      A CWWKZ0009I: La aplicación capitulo17 se ha detenido correctamente.
[08/30/23 20:51:58:261 EST] 0000003e com.ibm.ws.app.manager.AppMessageHelper                      I CWWKZ0018I: Iniciando la aplicación capitulo17.
[08/30/23 20:51:58:261 EST] 0000003e bm.ws.app.manager.war.internal.WARDeployedAppInfoFactoryImpl I CWWKZ0134I: La aplicación capitulo17 está utilizando la definición de aplicación dinámica en la ubicación /home/avbravo/NetBeansProjects/j/jmoordbcorebook/jmoordb-corebookexamples/edicion/capitulo25/target/liberty/wlp/usr/servers/capitulo17/apps/capitulo17.war.xml.
[08/30/23 20:51:58:280 EST] 0000003d com.ibm.ws.webcontainer.osgi.mbeans.PluginGenerator          I SRVE9103I: Se ha generado automáticamente un archivo de configuración para un plug-in de servidor web para este servidor en /home/avbravo/NetBeansProjects/j/jmoordbcorebook/jmoordb-corebookexamples/edicion/capitulo25/target/liberty/wlp/usr/servers/capitulo17/logs/state/plugin-cfg.xml.
[08/30/23 20:51:59:092 EST] 0000003e liberty.microprofile.openapi20.internal.ApplicationProcessor I CWWKO1660I: La aplicación capitulo17 se ha procesado y se ha producido un documento OpenAPI.
[08/30/23 20:51:59:460 EST] 0000003e com.ibm.ws.webcontainer.osgi.webapp.WebGroup                 I SRVE0169I: Cargando módulo web: capitulo17.
[08/30/23 20:51:59:460 EST] 0000003e com.ibm.ws.webcontainer                                      I SRVE0250I: El módulo web capitulo17 se ha enlazado con default_host.
[08/30/23 20:51:59:460 EST] 0000003e com.ibm.ws.http.internal.VirtualHostImpl                     A CWWKT0016I: Aplicación web disponible (default_host): http://localhost:9080/
[08/30/23 20:51:59:461 EST] 00000031 com.ibm.ws.session.WASSessionCore                            I SESN0176I: Se creará un nuevo contexto de sesión para la clave de aplicación default_host/
[08/30/23 20:51:59:461 EST] 00000031 com.ibm.ws.util                                              I SESN0172I: El gestor de sesiones está utilizando la implementación de SecureRandom Java por omisión para la generación del ID de sesión.
[08/30/23 20:51:59:469 EST] 00000031 com.ibm.ws.app.manager.AppMessageHelper                      A CWWKZ0003I: La aplicación capitulo17 se ha actualizado en 1.207 segundos.
[08/30/23 20:51:59:477 EST] 0000004b com.ibm.ws.webcontainer.osgi.mbeans.PluginGenerator          I SRVE9103I: Se ha generado automáticamente un archivo de configuración para un plug-in de servidor web para este servidor en /home/avbravo/NetBeansProjects/j/jmoordbcorebook/jmoordb-corebookexamples/edicion/capitulo25/target/liberty/wlp/usr/servers/capitulo17/logs/state/plugin-cfg.xml.
[08/30/23 20:51:59:495 EST] 00000031 org.jboss.resteasy.resteasy_jaxrs.i18n                       I RESTEASY002225: Deploying jakarta.ws.rs.core.Application: class com.jmoordbcore.capitulo17.Capitulo17RestApplication$Proxy$_$$_WeldClientProxy
[08/30/23 20:51:59:501 EST] 00000031 com.ibm.ws.webcontainer.servlet                              I SRVE0242I: [capitulo17] [/] [com.jmoordbcore.capitulo17.Capitulo17RestApplication]: Inicialización satisfactoria.
[08/30/23 20:52:46:034 EST] 00000039 io.jaegertracing.Configuration                               I Initialized tracer=JaegerTracer(version=Java-1.5.0, serviceName=capitulo17, reporter=RemoteReporter(sender=UdpSender(host=localhost, port=6831), closeEnqueueTimeout=1000), sampler=RemoteControlledSampler(maxOperations=2000, manager=HttpSamplingManager(hostPort=localhost:5778), sampler=ProbabilisticSampler(tags={sampler.type=probabilistic, sampler.param=0.001})), tags={hostname=avbravo-IdeaPad-Gaming-3-15ARH7, jaeger.version=Java-1.5.0, ip=127.0.1.1}, zipkinSharedRpcSpan=false, expandExceptionLogs=false, useTraceId128Bit=false)
[08/30/23 20:52:46:035 EST] 00000039 m.ibm.ws.microprofile.opentracing.jaeger.JaegerTracerFactory I CWMOT1001I: Se ha creado una instancia de JaegerTracer para la aplicación capitulo17. La información de rastreo se ha enviado a localhost:6831.
[08/30/23 20:52:46:152 EST] 00000039 org.mongodb.driver.client                                    I MongoClient with metadata {"driver": {"name": "mongo-java-driver|sync", "version": "4.6.0"}, "os": {"type": "Linux", "name": "Linux", "architecture": "amd64", "version": "6.2.0-31-generic"}, "platform": "Java/GraalVM Community/17.0.8+7-jvmci-23.0-b15"} created with settings MongoClientSettings{readPreference=primary, writeConcern=WriteConcern{w=null, wTimeout=null ms, journal=null}, retryWrites=true, retryReads=true, readConcern=ReadConcern{level=null}, credential=null, streamFactoryFactory=null, commandListeners=[], codecRegistry=ProvidersCodecRegistry{codecProviders=[ValueCodecProvider{}, BsonValueCodecProvider{}, DBRefCodecProvider{}, DBObjectCodecProvider{}, DocumentCodecProvider{}, IterableCodecProvider{}, MapCodecProvider{}, GeoJsonCodecProvider{}, GridFSFileCodecProvider{}, Jsr310CodecProvider{}, JsonObjectCodecProvider{}, BsonCodecProvider{}, EnumCodecProvider{}, com.mongodb.Jep395RecordCodecProvider@e9afa7f]}, clusterSettings={hosts=[localhost:27017], srvServiceName=mongodb, mode=SINGLE, requiredClusterType=UNKNOWN, requiredReplicaSetName='null', serverSelector='null', clusterListeners='[]', serverSelectionTimeout='30000 ms', localThreshold='30000 ms'}, socketSettings=SocketSettings{connectTimeoutMS=10000, readTimeoutMS=0, receiveBufferSize=0, sendBufferSize=0}, heartbeatSocketSettings=SocketSettings{connectTimeoutMS=10000, readTimeoutMS=10000, receiveBufferSize=0, sendBufferSize=0}, connectionPoolSettings=ConnectionPoolSettings{maxSize=100, minSize=0, maxWaitTimeMS=120000, maxConnectionLifeTimeMS=0, maxConnectionIdleTimeMS=0, maintenanceInitialDelayMS=0, maintenanceFrequencyMS=60000, connectionPoolListeners=[], maxConnecting=2}, serverSettings=ServerSettings{heartbeatFrequencyMS=10000, minHeartbeatFrequencyMS=500, serverListeners='[]', serverMonitorListeners='[]'}, sslSettings=SslSettings{enabled=false, invalidHostNameAllowed=false, context=null}, applicationName='null', compressorList=[], uuidRepresentation=UNSPECIFIED, serverApi=null, autoEncryptionSettings=null, contextProvider=null}
[08/30/23 20:52:46:161 EST] 00000069 org.mongodb.driver.connection                                I Opened connection [connectionId{localValue:1, serverValue:7}] to localhost:27017
[08/30/23 20:52:46:161 EST] 00000068 org.mongodb.driver.connection                                I Opened connection [connectionId{localValue:2, serverValue:8}] to localhost:27017
[08/30/23 20:52:46:162 EST] 00000068 org.mongodb.driver.cluster                                   I Monitor thread successfully connected to server with description ServerDescription{address=localhost:27017, type=STANDALONE, state=CONNECTED, ok=true, minWireVersion=0, maxWireVersion=9, maxDocumentSize=16777216, logicalSessionTimeoutMinutes=30, roundTripTimeNanos=16911158}
[08/30/23 20:52:46:183 EST] 00000039 org.mongodb.driver.connection                                I Opened connection [connectionId{localValue:3, serverValue:9}] to localhost:27017
[08/30/23 21:15:24:302 EST] 00000017 com.ibm.ws.kernel.launch.internal.FrameworkManager           A CWWKE0085I: El servidor capitulo17 se detiene porque la JVM está concluyendo.
[08/30/23 21:15:24:303 EST] 00000084 com.ibm.ws.runtime.update.internal.RuntimeUpdateManagerImpl  A CWWKE1100I: Esperando hasta 30 segundos para que el servidor se desactive temporalmente.
[08/30/23 21:15:24:307 EST] 00000077 com.ibm.ws.tcpchannel.internal.TCPChannel                    I CWWKO0220I: El canal TCP defaultHttpEndpoint-ssl ha detenido la escucha de solicitudes en el host localhost  (IPv4: 127.0.0.1) puerto 9443.
[08/30/23 21:15:24:308 EST] 00000077 com.ibm.ws.tcpchannel.internal.TCPChannel                    I CWWKO0220I: El canal TCP defaultHttpEndpoint ha detenido la escucha de solicitudes en el host localhost  (IPv4: 127.0.0.1) puerto 9080.
[08/30/23 21:15:24:308 EST] 00000077 com.ibm.ws.http.internal.VirtualHostImpl                     A CWWKT0017I: Aplicación web eliminada (default_host): http://localhost:9080/jwt/
[08/30/23 21:15:24:308 EST] 00000077 com.ibm.ws.http.internal.VirtualHostImpl                     A CWWKT0017I: Aplicación web eliminada (default_host): http://localhost:9080/openapi/ui/
[08/30/23 21:15:24:308 EST] 00000077 com.ibm.ws.http.internal.VirtualHostImpl                     A CWWKT0017I: Aplicación web eliminada (default_host): http://localhost:9080/metrics/
[08/30/23 21:15:24:308 EST] 00000077 com.ibm.ws.http.internal.VirtualHostImpl                     A CWWKT0017I: Aplicación web eliminada (default_host): http://localhost:9080/health/
[08/30/23 21:15:24:308 EST] 00000077 com.ibm.ws.http.internal.VirtualHostImpl                     A CWWKT0017I: Aplicación web eliminada (default_host): http://localhost:9080/
[08/30/23 21:15:24:308 EST] 00000077 com.ibm.ws.http.internal.VirtualHostImpl                     A CWWKT0017I: Aplicación web eliminada (default_host): http://localhost:9080/openapi/
[08/30/23 21:15:24:308 EST] 00000077 com.ibm.ws.http.internal.VirtualHostImpl                     A CWWKT0017I: Aplicación web eliminada (default_host): http://localhost:9080/ibm/api/
[08/30/23 21:15:24:382 EST] 00000018 com.ibm.ws.kernel.launch.internal.ServerCommandListener      A CWWKE0055I: Conclusión del servidor solicitada el miércoles, 30 de agosto de 2023 a las 9:15 p. m.. El servidor capitulo17 se está cerrando.
[08/30/23 21:15:25:310 EST] 00000084 com.ibm.ws.runtime.update.internal.RuntimeUpdateManagerImpl  I CWWKE1101I: La desactivación temporal del servidor ha finalizado.
[08/30/23 21:15:25:336 EST] 00000075 com.ibm.ws.app.manager.AppMessageHelper                      A CWWKZ0009I: La aplicación capitulo17 se ha detenido correctamente.
[08/30/23 21:15:25:454 EST] 00000084 rty.security.mp.jwt.v12.config.impl.MpConfigProxyServiceImpl I CWWKS5782I: mpConfigProxy de MicroProfile JWT versión 1.2 se ha desactivado correctamente.
[08/30/23 21:15:25:455 EST] 00000084 com.ibm.ws.security.mp.jwt.impl.MicroProfileJwtConfigImpl    I CWWKS5502I: La configuración de MicroProfile JWT [jwtUserConsumer] se ha desactivado correctamente.
[08/30/23 21:15:25:455 EST] 00000084 com.ibm.ws.security.mp.jwt.impl.MicroProfileJwtConfigImpl    I CWWKS5502I: La configuración de MicroProfile JWT [defaultMpJwt] se ha desactivado correctamente.
[08/30/23 21:15:25:456 EST] 00000084 com.ibm.ws.security.mp.jwt.impl.MicroProfileJwtServiceImpl   I CWWKS5502I: La configuración de MicroProfile JWT [MicroProfileJwtService] se ha desactivado correctamente.
[08/30/23 21:15:25:471 EST] 00000084 .microprofile.metrics.internal.monitor.MonitorMetricsHandler I CWPMI2004I: Se ha anulado el registro de todas las métricas de supervisión de mpMetrics.
[08/30/23 21:15:25:511 EST] 00000084 ibm.ws.security.authentication.internal.jaas.JAASServiceImpl I CWWKS1124I: Se ha desactivado el plugin de autenticación colectiva con el nombre de clase NullCollectiveAuthenticationPlugin. 
[08/30/23 21:15:25:513 EST] 00000084 com.ibm.ws.security.ready.internal.SecurityReadyServiceImpl  I CWWKS0009I: El servicio de seguridad se ha detenido.
[08/30/23 21:15:25:712 EST] 00000001 com.ibm.ws.kernel.launch.internal.FrameworkManager           A CWWKE0036I: El servidor capitulo17 se ha detenido después de 23 minutos, 34.976 segundos.
